[01m[K/home/a/Downloads/roboticstask/ros2_workspace/src/cpp_pubsub/src/publisher_member_function.cpp:[m[K In member function â€˜[01m[Kvoid MinimalPublisher::timer_callback()[m[Kâ€™:
[01m[K/home/a/Downloads/roboticstask/ros2_workspace/src/cpp_pubsub/src/publisher_member_function.cpp:45:15:[m[K [01;31m[Kerror: [m[Kâ€˜[01m[KString[m[Kâ€™ is not a member of â€˜[01m[Kstd_msgs[m[Kâ€™; did you mean â€˜[01m[Kstd_msgs::msg::String[m[Kâ€™?
   45 |     std_msgs::[01;31m[KString[m[K message;
      |               [01;31m[K^~~~~~[m[K
In file included from [01m[K/opt/ros/humble/include/std_msgs/std_msgs/msg/string.hpp:7[m[K,
                 from [01m[K/home/a/Downloads/roboticstask/ros2_workspace/src/cpp_pubsub/src/publisher_member_function.cpp:21[m[K:
[01m[K/opt/ros/humble/include/std_msgs/std_msgs/msg/detail/string__struct.hpp:122:7:[m[K [01;36m[Knote: [m[Kâ€˜[01m[Kstd_msgs::msg::String[m[Kâ€™ declared here
  122 | using [01;36m[KString[m[K =
      |       [01;36m[K^~~~~~[m[K
[01m[K/home/a/Downloads/roboticstask/ros2_workspace/src/cpp_pubsub/src/publisher_member_function.cpp:46:5:[m[K [01;31m[Kerror: [m[Kâ€˜[01m[Kmessage[m[Kâ€™ was not declared in this scope
   46 |     [01;31m[Kmessage[m[K.data = inputString;
      |     [01;31m[K^~~~~~~[m[K
gmake[2]: *** [CMakeFiles/talker.dir/build.make:76: CMakeFiles/talker.dir/src/publisher_member_function.cpp.o] Error 1
gmake[1]: *** [CMakeFiles/Makefile2:137: CMakeFiles/talker.dir/all] Error 2
gmake: *** [Makefile:146: all] Error 2
