[ 50%] [32mBuilding CXX object CMakeFiles/talker.dir/src/publisher_member_function.cpp.o[0m
[01m[K/home/a/Downloads/roboticstask/ros2_workspace/src/cpp_pubsub/src/publisher_member_function.cpp:[m[K In constructor â€˜[01m[KMinimalPublisher::MinimalPublisher()[m[Kâ€™:
[01m[K/home/a/Downloads/roboticstask/ros2_workspace/src/cpp_pubsub/src/publisher_member_function.cpp:32:28:[m[K [01;31m[Kerror: [m[Kclass â€˜[01m[KMinimalPublisher[m[Kâ€™ does not have any field named â€˜[01m[Kcount_[m[Kâ€™
   32 |   : Node("cpp_publisher"), [01;31m[Kcount_[m[K(0)
      |                            [01;31m[K^~~~~~[m[K
gmake[2]: *** [CMakeFiles/talker.dir/build.make:76: CMakeFiles/talker.dir/src/publisher_member_function.cpp.o] Error 1
gmake[1]: *** [CMakeFiles/Makefile2:137: CMakeFiles/talker.dir/all] Error 2
gmake: *** [Makefile:146: all] Error 2
