-- The C compiler identification is GNU 11.4.0
-- The CXX compiler identification is GNU 11.4.0
-- Detecting C compiler ABI info
-- Detecting C compiler ABI info - done
-- Check for working C compiler: /usr/bin/cc - skipped
-- Detecting C compile features
-- Detecting C compile features - done
-- Detecting CXX compiler ABI info
-- Detecting CXX compiler ABI info - done
-- Check for working CXX compiler: /usr/bin/c++ - skipped
-- Detecting CXX compile features
-- Detecting CXX compile features - done
-- Found ament_cmake: 1.3.5 (/opt/ros/humble/share/ament_cmake/cmake)
-- Found Python3: /usr/bin/python3.10 (found version "3.10.12") found components: Interpreter 
-- Found rclcpp: 16.0.5 (/opt/ros/humble/share/rclcpp/cmake)
-- Found rosidl_generator_c: 3.1.5 (/opt/ros/humble/share/rosidl_generator_c/cmake)
-- Found rosidl_adapter: 3.1.5 (/opt/ros/humble/share/rosidl_adapter/cmake)
-- Found rosidl_generator_cpp: 3.1.5 (/opt/ros/humble/share/rosidl_generator_cpp/cmake)
-- Using all available rosidl_typesupport_c: rosidl_typesupport_fastrtps_c;rosidl_typesupport_introspection_c
-- Using all available rosidl_typesupport_cpp: rosidl_typesupport_fastrtps_cpp;rosidl_typesupport_introspection_cpp
-- Found rmw_implementation_cmake: 6.1.1 (/opt/ros/humble/share/rmw_implementation_cmake/cmake)
-- Found rmw_fastrtps_cpp: 6.2.3 (/opt/ros/humble/share/rmw_fastrtps_cpp/cmake)
-- Found OpenSSL: /usr/lib/x86_64-linux-gnu/libcrypto.so (found version "3.0.2")  
-- Found FastRTPS: /opt/ros/humble/include  
-- Using RMW implementation 'rmw_fastrtps_cpp' as default
-- Looking for pthread.h
-- Looking for pthread.h - found
-- Performing Test CMAKE_HAVE_LIBC_PTHREAD
-- Performing Test CMAKE_HAVE_LIBC_PTHREAD - Success
-- Found Threads: TRUE  
-- Configuring done
-- Generating done
-- Build files have been written to: /home/a/Downloads/roboticstask/ros2_workspace/build/cpp_pubsub
[ 50%] [32mBuilding CXX object CMakeFiles/talker.dir/src/publisher_member_function.cpp.o[0m
[01m[K/home/a/Downloads/roboticstask/ros2_workspace/src/cpp_pubsub/src/publisher_member_function.cpp:36:2:[m[K [01;31m[Kerror: [m[Kexpected â€˜[01m[K}[m[Kâ€™ at end of input
   36 | }
      |  [01;31m[K^[m[K
[01m[K/home/a/Downloads/roboticstask/ros2_workspace/src/cpp_pubsub/src/publisher_member_function.cpp:29:1:[m[K [01;36m[Knote: [m[Kto match this â€˜[01m[K{[m[Kâ€™
   29 | [01;36m[K{[m[K
      | [01;36m[K^[m[K
[01m[K/home/a/Downloads/roboticstask/ros2_workspace/src/cpp_pubsub/src/publisher_member_function.cpp:[m[K In constructor â€˜[01m[KMinimalPublisher::MinimalPublisher()[m[Kâ€™:
[01m[K/home/a/Downloads/roboticstask/ros2_workspace/src/cpp_pubsub/src/publisher_member_function.cpp:32:28:[m[K [01;31m[Kerror: [m[Kclass â€˜[01m[KMinimalPublisher[m[Kâ€™ does not have any field named â€˜[01m[Kcount_[m[Kâ€™
   32 |   : Node("cpp_publisher"), [01;31m[Kcount_[m[K(0)
      |                            [01;31m[K^~~~~~[m[K
[01m[K/home/a/Downloads/roboticstask/ros2_workspace/src/cpp_pubsub/src/publisher_member_function.cpp:33:4:[m[K [01;31m[Kerror: [m[Kâ€˜[01m[KlPublisher[m[Kâ€™ was not declared in this scope; did you mean â€˜[01m[Krcl_publisher_t[m[Kâ€™?
   33 |   {[01;31m[KlPublisher[m[K>());
      |    [01;31m[K^~~~~~~~~~[m[K
      |    [32m[Krcl_publisher_t[m[K
[01m[K/home/a/Downloads/roboticstask/ros2_workspace/src/cpp_pubsub/src/publisher_member_function.cpp:33:16:[m[K [01;31m[Kerror: [m[Kexpected primary-expression before â€˜[01m[K)[m[Kâ€™ token
   33 |   {lPublisher>([01;31m[K)[m[K);
      |                [01;31m[K^[m[K
[01m[K/home/a/Downloads/roboticstask/ros2_workspace/src/cpp_pubsub/src/publisher_member_function.cpp:35:10:[m[K [01;31m[Kerror: [m[Kreturning a value from a constructor
   35 |   return [01;31m[K0[m[K;
      |          [01;31m[K^[m[K
[01m[K/home/a/Downloads/roboticstask/ros2_workspace/src/cpp_pubsub/src/publisher_member_function.cpp:[m[K At global scope:
[01m[K/home/a/Downloads/roboticstask/ros2_workspace/src/cpp_pubsub/src/publisher_member_function.cpp:36:2:[m[K [01;31m[Kerror: [m[Kexpected unqualified-id at end of input
   36 | }
      |  [01;31m[K^[m[K
gmake[2]: *** [CMakeFiles/talker.dir/build.make:76: CMakeFiles/talker.dir/src/publisher_member_function.cpp.o] Error 1
gmake[1]: *** [CMakeFiles/Makefile2:137: CMakeFiles/talker.dir/all] Error 2
gmake: *** [Makefile:146: all] Error 2
